<?xml version="1.0" encoding="UTF-8"?>
<!-- Generated by org.testng.reporters.JUnitXMLReporter -->
<testsuite ignored="4" hostname="DESKTOP-BS9BPRQ" failures="0" tests="1" name="Test" time="9.425" errors="0" timestamp="24 May 2020 23:06:06 GMT">
  <testcase classname="Demo_TestNG1.Demo_TestNG1.SDFCLoginNG" name="Testcase4b" time="0.984"/>
  <testcase classname="Demo_TestNG1.Demo_TestNG1.SDFCLoginNG" name="Testcase3" time="0.0">
    <ignored/>
  </testcase> <!-- Testcase3 -->
  <testcase classname="Demo_TestNG1.Demo_TestNG1.SDFCLoginNG" name="Testcase2" time="0.0">
    <ignored/>
  </testcase> <!-- Testcase2 -->
  <testcase classname="Demo_TestNG1.Demo_TestNG1.SDFCLoginNG" name="Testcase1" time="0.0">
    <ignored/>
  </testcase> <!-- Testcase1 -->
  <testcase classname="Demo_TestNG1.Demo_TestNG1.SDFCLoginNG" name="Testcase4a" time="0.0">
    <ignored/>
  </testcase> <!-- Testcase4a -->
</testsuite> <!-- Test -->
