<?xml version="1.0" encoding="UTF-8"?>
<testng-results skipped="0" failed="0" ignored="0" total="2" passed="2">
  <reporter-output>
  </reporter-output>
  <suite name="Suite" duration-ms="10207" started-at="2020-06-12T07:08:11Z" finished-at="2020-06-12T07:08:22Z">
    <groups>
    </groups>
    <test name="Test" duration-ms="10207" started-at="2020-06-12T07:08:11Z" finished-at="2020-06-12T07:08:22Z">
      <class name="Demo_TestNG1.Demo_TestNG1.TekarchTest">
        <test-method status="PASS" signature="launchBrowser()[pri:0, instance:Demo_TestNG1.Demo_TestNG1.TekarchTest@1c72da34]" name="launchBrowser" is-config="true" duration-ms="7847" started-at="2020-06-12T07:08:11Z" finished-at="2020-06-12T07:08:19Z">
          <reporter-output>
          </reporter-output>
        </test-method> <!-- launchBrowser -->
        <test-method status="PASS" signature="invalidLogin()[pri:0, instance:Demo_TestNG1.Demo_TestNG1.TekarchTest@1c72da34]" name="invalidLogin" duration-ms="332" started-at="2020-06-12T07:08:19Z" finished-at="2020-06-12T07:08:20Z">
          <reporter-output>
          </reporter-output>
        </test-method> <!-- invalidLogin -->
        <test-method status="PASS" signature="logout()[pri:0, instance:Demo_TestNG1.Demo_TestNG1.TekarchTest@1c72da34]" name="logout" is-config="true" duration-ms="259" started-at="2020-06-12T07:08:20Z" finished-at="2020-06-12T07:08:20Z">
          <reporter-output>
          </reporter-output>
        </test-method> <!-- logout -->
        <test-method status="PASS" signature="validLogin()[pri:0, instance:Demo_TestNG1.Demo_TestNG1.TekarchTest@1c72da34]" name="validLogin" duration-ms="303" started-at="2020-06-12T07:08:20Z" finished-at="2020-06-12T07:08:20Z">
          <reporter-output>
          </reporter-output>
        </test-method> <!-- validLogin -->
        <test-method status="PASS" signature="logout()[pri:0, instance:Demo_TestNG1.Demo_TestNG1.TekarchTest@1c72da34]" name="logout" is-config="true" duration-ms="656" started-at="2020-06-12T07:08:20Z" finished-at="2020-06-12T07:08:21Z">
          <reporter-output>
          </reporter-output>
        </test-method> <!-- logout -->
        <test-method status="PASS" signature="quitBrowser()[pri:0, instance:Demo_TestNG1.Demo_TestNG1.TekarchTest@1c72da34]" name="quitBrowser" is-config="true" duration-ms="791" started-at="2020-06-12T07:08:21Z" finished-at="2020-06-12T07:08:22Z">
          <reporter-output>
          </reporter-output>
        </test-method> <!-- quitBrowser -->
      </class> <!-- Demo_TestNG1.Demo_TestNG1.TekarchTest -->
    </test> <!-- Test -->
  </suite> <!-- Suite -->
</testng-results>
