<?xml version="1.0" encoding="UTF-8"?>
<testsuite xmlns:xsi="http://www.w3.org/2001/XMLSchema-instance" xsi:schemaLocation="https://maven.apache.org/surefire/maven-surefire-plugin/xsd/surefire-test-report.xsd" name="TestSuite" time="12.492" tests="2" errors="0" skipped="0" failures="0">
  <properties>
[...]
</properties>
  <testcase name="invalidLogin" classname="Demo_TestNG1.Demo_TestNG1.TekarchTest" time="0.333"/>
  <testcase name="validLogin" classname="Demo_TestNG1.Demo_TestNG1.TekarchTest" time="0.302"/>
</testsuite>