<?xml version="1.0" encoding="UTF-8"?>
<testng-results ignored="0" total="2" passed="2" failed="0" skipped="0">
  <reporter-output>
  </reporter-output>
  <suite started-at="2020-06-12T07:07:07Z" name="Default suite" finished-at="2020-06-12T07:07:18Z" duration-ms="10972">
    <groups>
    </groups>
    <test started-at="2020-06-12T07:07:07Z" name="Default test" finished-at="2020-06-12T07:07:18Z" duration-ms="10972">
      <class name="Demo_TestNG1.Demo_TestNG1.TekarchTest">
        <test-method is-config="true" signature="launchBrowser()[pri:0, instance:Demo_TestNG1.Demo_TestNG1.TekarchTest@27f981c6]" started-at="2020-06-12T07:07:07Z" name="launchBrowser" finished-at="2020-06-12T07:07:15Z" duration-ms="8488" status="PASS">
          <reporter-output>
          </reporter-output>
        </test-method> <!-- launchBrowser -->
        <test-method signature="invalidLogin()[pri:0, instance:Demo_TestNG1.Demo_TestNG1.TekarchTest@27f981c6]" started-at="2020-06-12T07:07:15Z" name="invalidLogin" finished-at="2020-06-12T07:07:16Z" duration-ms="380" status="PASS">
          <reporter-output>
          </reporter-output>
        </test-method> <!-- invalidLogin -->
        <test-method is-config="true" signature="logout()[pri:0, instance:Demo_TestNG1.Demo_TestNG1.TekarchTest@27f981c6]" started-at="2020-06-12T07:07:16Z" name="logout" finished-at="2020-06-12T07:07:16Z" duration-ms="253" status="PASS">
          <reporter-output>
          </reporter-output>
        </test-method> <!-- logout -->
        <test-method signature="validLogin()[pri:0, instance:Demo_TestNG1.Demo_TestNG1.TekarchTest@27f981c6]" started-at="2020-06-12T07:07:16Z" name="validLogin" finished-at="2020-06-12T07:07:16Z" duration-ms="358" status="PASS">
          <reporter-output>
          </reporter-output>
        </test-method> <!-- validLogin -->
        <test-method is-config="true" signature="logout()[pri:0, instance:Demo_TestNG1.Demo_TestNG1.TekarchTest@27f981c6]" started-at="2020-06-12T07:07:16Z" name="logout" finished-at="2020-06-12T07:07:17Z" duration-ms="710" status="PASS">
          <reporter-output>
          </reporter-output>
        </test-method> <!-- logout -->
        <test-method is-config="true" signature="quitBrowser()[pri:0, instance:Demo_TestNG1.Demo_TestNG1.TekarchTest@27f981c6]" started-at="2020-06-12T07:07:17Z" name="quitBrowser" finished-at="2020-06-12T07:07:18Z" duration-ms="754" status="PASS">
          <reporter-output>
          </reporter-output>
        </test-method> <!-- quitBrowser -->
      </class> <!-- Demo_TestNG1.Demo_TestNG1.TekarchTest -->
    </test> <!-- Default test -->
  </suite> <!-- Default suite -->
</testng-results>
