<?xml version="1.0" encoding="UTF-8"?>
<testng-results ignored="4" total="5" passed="1" failed="0" skipped="0">
  <reporter-output>
  </reporter-output>
  <suite started-at="2020-05-24T23:05:57Z" name="Suite" finished-at="2020-05-24T23:06:06Z" duration-ms="9425">
    <groups>
    </groups>
    <test started-at="2020-05-24T23:05:57Z" name="Test" finished-at="2020-05-24T23:06:06Z" duration-ms="9425">
      <class name="Demo_TestNG1.Demo_TestNG1.SDFCLoginNG">
        <test-method is-config="true" signature="report()[pri:0, instance:Demo_TestNG1.Demo_TestNG1.SDFCLoginNG@73e9cf30]" started-at="2020-05-24T23:05:57Z" name="report" finished-at="2020-05-24T23:05:57Z" duration-ms="189" status="PASS">
          <reporter-output>
          </reporter-output>
        </test-method> <!-- report -->
        <test-method is-config="true" signature="launchBrowser()[pri:0, instance:Demo_TestNG1.Demo_TestNG1.SDFCLoginNG@73e9cf30]" started-at="2020-05-24T23:05:57Z" name="launchBrowser" finished-at="2020-05-24T23:06:04Z" duration-ms="7092" status="PASS">
          <reporter-output>
          </reporter-output>
        </test-method> <!-- launchBrowser -->
        <test-method signature="Testcase4b()[pri:0, instance:Demo_TestNG1.Demo_TestNG1.SDFCLoginNG@73e9cf30]" started-at="2020-05-24T23:06:04Z" name="Testcase4b" finished-at="2020-05-24T23:06:05Z" duration-ms="984" status="PASS">
          <reporter-output>
          </reporter-output>
        </test-method> <!-- Testcase4b -->
        <test-method is-config="true" signature="close()[pri:0, instance:Demo_TestNG1.Demo_TestNG1.SDFCLoginNG@73e9cf30]" started-at="2020-05-24T23:06:05Z" name="close" finished-at="2020-05-24T23:06:06Z" duration-ms="872" status="PASS">
          <reporter-output>
          </reporter-output>
        </test-method> <!-- close -->
        <test-method is-config="true" signature="closeReport()[pri:0, instance:Demo_TestNG1.Demo_TestNG1.SDFCLoginNG@73e9cf30]" started-at="2020-05-24T23:06:06Z" name="closeReport" finished-at="2020-05-24T23:06:06Z" duration-ms="271" status="PASS">
          <reporter-output>
          </reporter-output>
        </test-method> <!-- closeReport -->
      </class> <!-- Demo_TestNG1.Demo_TestNG1.SDFCLoginNG -->
    </test> <!-- Test -->
  </suite> <!-- Suite -->
</testng-results>
